[0mCompiling "resources/public/js/compiled/app.js" from ["src/cljs"]...[0m
[32mSuccessfully compiled "resources/public/js/compiled/app.js" in 2.676 seconds.[0m
notifying browser that file changed:  resources/public/js/compiled/out/goog/deps.js
notifying browser that file changed:  resources/public/js/compiled/out/cljs_deps.js
notifying browser that file changed:  resources\public\js\compiled\out\p_and_c_analytics2017\events.js
[0mCompiling "resources/public/js/compiled/app.js" from ["src/cljs"]...[0m
[32mSuccessfully compiled "resources/public/js/compiled/app.js" in 3.074 seconds.[0m
notifying browser that file changed:  resources\public\js\compiled\out\p_and_c_analytics2017\events.js
[0mCompiling "resources/public/js/compiled/app.js" from ["src/cljs"]...[0m
[32mSuccessfully compiled "resources/public/js/compiled/app.js" in 2.612 seconds.[0m
notifying browser that file changed:  resources\public\js\compiled\out\p_and_c_analytics2017\events.js
[0mCompiling "resources/public/js/compiled/app.js" from ["src/cljs"]...[0m
[32mSuccessfully compiled "resources/public/js/compiled/app.js" in 3.193 seconds.[0m
notifying browser that file changed:  resources/public/js/compiled/out/goog/deps.js
notifying browser that file changed:  resources/public/js/compiled/out/cljs_deps.js
notifying browser that file changed:  resources\public\js\compiled\out\p_and_c_analytics2017\events.js
[0mCompiling "resources/public/js/compiled/app.js" from ["src/cljs"]...[0m
[32mSuccessfully compiled "resources/public/js/compiled/app.js" in 2.76 seconds.[0m
notifying browser that file changed:  resources\public\js\compiled\out\p_and_c_analytics2017\events.js
[0mCompiling "resources/public/js/compiled/app.js" from ["src/cljs"]...[0m
[32mSuccessfully compiled "resources/public/js/compiled/app.js" in 2.64 seconds.[0m
notifying browser that file changed:  resources\public\js\compiled\out\p_and_c_analytics2017\events.js
[0mCompiling "resources/public/js/compiled/app.js" from ["src/cljs"]...[0m
[32mSuccessfully compiled "resources/public/js/compiled/app.js" in 2.866 seconds.[0m
notifying browser that file changed:  resources\public\js\compiled\out\p_and_c_analytics2017\events.js
[0mCompiling "resources/public/js/compiled/app.js" from ["src/cljs"]...[0m
[32mSuccessfully compiled "resources/public/js/compiled/app.js" in 2.793 seconds.[0m
notifying browser that file changed:  resources\public\js\compiled\out\p_and_c_analytics2017\events.js
[0mCompiling "resources/public/js/compiled/app.js" from ["src/cljs"]...[0m
[32mSuccessfully compiled "resources/public/js/compiled/app.js" in 2.683 seconds.[0m
notifying browser that file changed:  resources\public\js\compiled\out\p_and_c_analytics2017\events.js
[0mCompiling "resources/public/js/compiled/app.js" from ["src/cljs"]...[0m
[32mSuccessfully compiled "resources/public/js/compiled/app.js" in 2.718 seconds.[0m
notifying browser that file changed:  resources\public\js\compiled\out\p_and_c_analytics2017\events.js
[0mCompiling "resources/public/js/compiled/app.js" from ["src/cljs"]...[0m
[32mSuccessfully compiled "resources/public/js/compiled/app.js" in 2.603 seconds.[0m
notifying browser that file changed:  resources\public\js\compiled\out\p_and_c_analytics2017\core.js
[0mCompiling "resources/public/js/compiled/app.js" from ["src/cljs"]...[0m
[32mSuccessfully compiled "resources/public/js/compiled/app.js" in 2.603 seconds.[0m
notifying browser that file changed:  resources\public\js\compiled\out\p_and_c_analytics2017\events.js
[0mCompiling "resources/public/js/compiled/app.js" from ["src/cljs"]...[0m
[32mSuccessfully compiled "resources/public/js/compiled/app.js" in 2.658 seconds.[0m
notifying browser that file changed:  resources\public\js\compiled\out\p_and_c_analytics2017\events.js
[0mCompiling "resources/public/js/compiled/app.js" from ["src/cljs"]...[0m
[32mSuccessfully compiled "resources/public/js/compiled/app.js" in 2.696 seconds.[0m
notifying browser that file changed:  resources\public\js\compiled\out\p_and_c_analytics2017\events.js
[0mCompiling "resources/public/js/compiled/app.js" from ["src/cljs"]...[0m
[32mSuccessfully compiled "resources/public/js/compiled/app.js" in 2.675 seconds.[0m
notifying browser that file changed:  resources\public\js\compiled\out\p_and_c_analytics2017\events.js
[0mCompiling "resources/public/js/compiled/app.js" from ["src/cljs"]...[0m
[32mSuccessfully compiled "resources/public/js/compiled/app.js" in 2.365 seconds.[0m
notifying browser that file changed:  resources\public\js\compiled\out\p_and_c_analytics2017\core.js
[0mCompiling "resources/public/js/compiled/app.js" from ["src/cljs"]...[0m
[32mSuccessfully compiled "resources/public/js/compiled/app.js" in 2.476 seconds.[0m
notifying browser that file changed:  resources\public\js\compiled\out\p_and_c_analytics2017\db.js
[0mCompiling "resources/public/js/compiled/app.js" from ["src/cljs"]...[0m
[32mSuccessfully compiled "resources/public/js/compiled/app.js" in 2.548 seconds.[0m
notifying browser that file changed:  resources\public\js\compiled\out\p_and_c_analytics2017\events.js
[0mCompiling "resources/public/js/compiled/app.js" from ["src/cljs"]...[0m
[32mSuccessfully compiled "resources/public/js/compiled/app.js" in 2.424 seconds.[0m
notifying browser that file changed:  resources\public\js\compiled\out\p_and_c_analytics2017\core.js
[0mCompiling "resources/public/js/compiled/app.js" from ["src/cljs"]...[0m
[32mSuccessfully compiled "resources/public/js/compiled/app.js" in 2.566 seconds.[0m
notifying browser that file changed:  resources\public\js\compiled\out\p_and_c_analytics2017\events.js
[0mCompiling "resources/public/js/compiled/app.js" from ["src/cljs"]...[0m
[32mSuccessfully compiled "resources/public/js/compiled/app.js" in 2.54 seconds.[0m
notifying browser that file changed:  resources\public\js\compiled\out\p_and_c_analytics2017\events.js
[0mCompiling "resources/public/js/compiled/app.js" from ["src/cljs"]...[0m
[32mSuccessfully compiled "resources/public/js/compiled/app.js" in 2.584 seconds.[0m
notifying browser that file changed:  resources\public\js\compiled\out\p_and_c_analytics2017\events.js
[0mCompiling "resources/public/js/compiled/app.js" from ["src/cljs"]...[0m
[32mSuccessfully compiled "resources/public/js/compiled/app.js" in 2.698 seconds.[0m
notifying browser that file changed:  resources\public\js\compiled\out\p_and_c_analytics2017\subs.js
[0mCompiling "resources/public/js/compiled/app.js" from ["src/cljs"]...[0m
[36m----  Compiler Warning on   src/cljs/p_and_c_analytics2017/views.cljs   line:51  column:13  ----[0m

  [1mUse of undeclared Var p-and-c-analytics2017.views/units[0m

  [36m47[0m  [36m;; main[0m
  [36m48[0m  [36m[0m
  [36m49[0m  [36m(defn- panels [panel-name][0m
  [36m50[0m  [36m  (case panel-name[0m
  [33m51[0m  [1m    :units [units][0m
  [0m  [0m  [33m            ^--- Use of undeclared Var p-and-c-analytics2017.views/units[0m
  [36m52[0m  [36m    :home-panel [home-panel][0m
  [36m53[0m  [36m    :about-panel [about-panel][0m
  [36m54[0m  [36m    [:div]))[0m
  [36m55[0m  [36m[0m
  [36m56[0m  [36m(defn show-panel [panel-name][0m

[36m----  Compiler Warning : Please see src/cljs/p_and_c_analytics2017/views.cljs  ----[0m
[32mSuccessfully compiled "resources/public/js/compiled/app.js" in 2.942 seconds.[0m
notifying browser that file changed:  resources\public\js\compiled\out\p_and_c_analytics2017\views.js
[0mCompiling "resources/public/js/compiled/app.js" from ["src/cljs"]...[0m
[32mSuccessfully compiled "resources/public/js/compiled/app.js" in 2.654 seconds.[0m
notifying browser that file changed:  resources\public\js\compiled\out\p_and_c_analytics2017\views.js
[0mCompiling "resources/public/js/compiled/app.js" from ["src/cljs"]...[0m
[31mFailed to compile "resources/public/js/compiled/app.js" in 0.944 seconds.[0m
[36m----  Could not Read  src/cljs/p_and_c_analytics2017/views.cljs   line:8 ----[0m

  [1mD:\Programming\Projects\Clojure\p-and-c-analytics2017\src\cljs\p_and_c_analytics2017\views.cljs [line 8, col 11] Invalid symbol: re-com/.[0m

  [36m 6[0m  [36m(defn units-collection [][0m
  [36m 7[0m  [36m (let [units (re-frame/subscribe [::subs/units])][0m
  [33m 8[0m  [1m  [re-com/]))[0m
  [0m  [0m  [33m  D:\Programming\Projects\Clojure\p-and-c-analytics2017\src\cljs\p_and_c_analytics2017\views.cljs [line 8, col 11] Invalid symbol: re-com/.[0m
  [36m 9[0m  [36m[0m
  [36m10[0m  [36m;; home[0m

[36m----  Reader Error : Please see src/cljs/p_and_c_analytics2017/views.cljs  ----[0m
[0mCompiling "resources/public/js/compiled/app.js" from ["src/cljs"]...[0m
[32mSuccessfully compiled "resources/public/js/compiled/app.js" in 2.633 seconds.[0m
notifying browser that file changed:  resources\public\js\compiled\out\p_and_c_analytics2017\views.js
[0mCompiling "resources/public/js/compiled/app.js" from ["src/cljs"]...[0m
[32mSuccessfully compiled "resources/public/js/compiled/app.js" in 2.505 seconds.[0m
notifying browser that file changed:  resources\public\js\compiled\out\p_and_c_analytics2017\views.js
[0mCompiling "resources/public/js/compiled/app.js" from ["src/cljs"]...[0m
[32mSuccessfully compiled "resources/public/js/compiled/app.js" in 2.567 seconds.[0m
notifying browser that file changed:  resources\public\js\compiled\out\p_and_c_analytics2017\views.js
[0mCompiling "resources/public/js/compiled/app.js" from ["src/cljs"]...[0m
[32mSuccessfully compiled "resources/public/js/compiled/app.js" in 2.554 seconds.[0m
notifying browser that file changed:  resources\public\js\compiled\out\p_and_c_analytics2017\views.js
[0mCompiling "resources/public/js/compiled/app.js" from ["src/cljs"]...[0m
[32mSuccessfully compiled "resources/public/js/compiled/app.js" in 2.509 seconds.[0m
notifying browser that file changed:  resources\public\js\compiled\out\p_and_c_analytics2017\views.js
[0mCompiling "resources/public/js/compiled/app.js" from ["src/cljs"]...[0m
[32mSuccessfully compiled "resources/public/js/compiled/app.js" in 2.748 seconds.[0m
notifying browser that file changed:  resources\public\js\compiled\out\p_and_c_analytics2017\views.js
[0mCompiling "resources/public/js/compiled/app.js" from ["src/cljs"]...[0m
[32mSuccessfully compiled "resources/public/js/compiled/app.js" in 2.589 seconds.[0m
notifying browser that file changed:  resources\public\js\compiled\out\p_and_c_analytics2017\views.js
[0mCompiling "resources/public/js/compiled/app.js" from ["src/cljs"]...[0m
[32mSuccessfully compiled "resources/public/js/compiled/app.js" in 2.526 seconds.[0m
notifying browser that file changed:  resources\public\js\compiled\out\p_and_c_analytics2017\views.js
[0mCompiling "resources/public/js/compiled/app.js" from ["src/cljs"]...[0m
[32mSuccessfully compiled "resources/public/js/compiled/app.js" in 2.529 seconds.[0m
notifying browser that file changed:  resources\public\js\compiled\out\p_and_c_analytics2017\views.js
[0mCompiling "resources/public/js/compiled/app.js" from ["src/cljs"]...[0m
[32mSuccessfully compiled "resources/public/js/compiled/app.js" in 2.591 seconds.[0m
notifying browser that file changed:  resources\public\js\compiled\out\p_and_c_analytics2017\views.js
[0mCompiling "resources/public/js/compiled/app.js" from ["src/cljs"]...[0m
[32mSuccessfully compiled "resources/public/js/compiled/app.js" in 2.497 seconds.[0m
notifying browser that file changed:  resources\public\js\compiled\out\p_and_c_analytics2017\events.js
[0mCompiling "resources/public/js/compiled/app.js" from ["src/cljs"]...[0m
[32mSuccessfully compiled "resources/public/js/compiled/app.js" in 2.616 seconds.[0m
notifying browser that file changed:  resources\public\js\compiled\out\p_and_c_analytics2017\db.js
[0mCompiling "resources/public/js/compiled/app.js" from ["src/cljs"]...[0m
[32mSuccessfully compiled "resources/public/js/compiled/app.js" in 2.587 seconds.[0m
notifying browser that file changed:  resources\public\js\compiled\out\p_and_c_analytics2017\db.js
[0mCompiling "resources/public/js/compiled/app.js" from ["src/cljs"]...[0m
[32mSuccessfully compiled "resources/public/js/compiled/app.js" in 2.544 seconds.[0m
notifying browser that file changed:  resources\public\js\compiled\out\p_and_c_analytics2017\views.js
[0mCompiling "resources/public/js/compiled/app.js" from ["src/cljs"]...[0m
[32mSuccessfully compiled "resources/public/js/compiled/app.js" in 2.553 seconds.[0m
notifying browser that file changed:  resources\public\js\compiled\out\p_and_c_analytics2017\views.js
[0mCompiling "resources/public/js/compiled/app.js" from ["src/cljs"]...[0m
[32mSuccessfully compiled "resources/public/js/compiled/app.js" in 2.494 seconds.[0m
notifying browser that file changed:  resources\public\js\compiled\out\p_and_c_analytics2017\views.js
[0mCompiling "resources/public/js/compiled/app.js" from ["src/cljs"]...[0m
[32mSuccessfully compiled "resources/public/js/compiled/app.js" in 2.556 seconds.[0m
notifying browser that file changed:  resources\public\js\compiled\out\p_and_c_analytics2017\views.js
[0mCompiling "resources/public/js/compiled/app.js" from ["src/cljs"]...[0m
[32mSuccessfully compiled "resources/public/js/compiled/app.js" in 2.564 seconds.[0m
notifying browser that file changed:  resources\public\js\compiled\out\p_and_c_analytics2017\views.js
[0mCompiling "resources/public/js/compiled/app.js" from ["src/cljs"]...[0m
[32mSuccessfully compiled "resources/public/js/compiled/app.js" in 2.503 seconds.[0m
notifying browser that file changed:  resources\public\js\compiled\out\p_and_c_analytics2017\views.js
[0mCompiling "resources/public/js/compiled/app.js" from ["src/cljs"]...[0m
[32mSuccessfully compiled "resources/public/js/compiled/app.js" in 2.512 seconds.[0m
notifying browser that file changed:  resources\public\js\compiled\out\p_and_c_analytics2017\views.js
[0mCompiling "resources/public/js/compiled/app.js" from ["src/cljs"]...[0m
[32mSuccessfully compiled "resources/public/js/compiled/app.js" in 2.626 seconds.[0m
notifying browser that file changed:  resources\public\js\compiled\out\p_and_c_analytics2017\views.js
[0mCompiling "resources/public/js/compiled/app.js" from ["src/cljs"]...[0m
[32mSuccessfully compiled "resources/public/js/compiled/app.js" in 2.55 seconds.[0m
notifying browser that file changed:  resources\public\js\compiled\out\p_and_c_analytics2017\views.js
[0mCompiling "resources/public/js/compiled/app.js" from ["src/cljs"]...[0m
[32mSuccessfully compiled "resources/public/js/compiled/app.js" in 2.626 seconds.[0m
notifying browser that file changed:  resources\public\js\compiled\out\p_and_c_analytics2017\views.js
[0mCompiling "resources/public/js/compiled/app.js" from ["src/cljs"]...[0m
[32mSuccessfully compiled "resources/public/js/compiled/app.js" in 2.561 seconds.[0m
notifying browser that file changed:  resources\public\js\compiled\out\p_and_c_analytics2017\views.js
[0mCompiling "resources/public/js/compiled/app.js" from ["src/cljs"]...[0m
[32mSuccessfully compiled "resources/public/js/compiled/app.js" in 2.4 seconds.[0m
notifying browser that file changed:  resources\public\js\compiled\out\p_and_c_analytics2017\views.js
[0mCompiling "resources/public/js/compiled/app.js" from ["src/cljs"]...[0m
[32mSuccessfully compiled "resources/public/js/compiled/app.js" in 2.599 seconds.[0m
notifying browser that file changed:  resources\public\js\compiled\out\p_and_c_analytics2017\views.js
[0mCompiling "resources/public/js/compiled/app.js" from ["src/cljs"]...[0m
[32mSuccessfully compiled "resources/public/js/compiled/app.js" in 2.59 seconds.[0m
notifying browser that file changed:  resources\public\js\compiled\out\p_and_c_analytics2017\views.js
[0mCompiling "resources/public/js/compiled/app.js" from ["src/cljs"]...[0m
[32mSuccessfully compiled "resources/public/js/compiled/app.js" in 2.562 seconds.[0m
notifying browser that file changed:  resources\public\js\compiled\out\p_and_c_analytics2017\views.js
[0mCompiling "resources/public/js/compiled/app.js" from ["src/cljs"]...[0m
[32mSuccessfully compiled "resources/public/js/compiled/app.js" in 2.614 seconds.[0m
notifying browser that file changed:  resources\public\js\compiled\out\p_and_c_analytics2017\views.js
[0mCompiling "resources/public/js/compiled/app.js" from ["src/cljs"]...[0m
[32mSuccessfully compiled "resources/public/js/compiled/app.js" in 2.427 seconds.[0m
notifying browser that file changed:  resources\public\js\compiled\out\p_and_c_analytics2017\views.js
[0mCompiling "resources/public/js/compiled/app.js" from ["src/cljs"]...[0m
[32mSuccessfully compiled "resources/public/js/compiled/app.js" in 2.604 seconds.[0m
notifying browser that file changed:  resources\public\js\compiled\out\p_and_c_analytics2017\routes.js
[0mCompiling "resources/public/js/compiled/app.js" from ["src/cljs"]...[0m
[32mSuccessfully compiled "resources/public/js/compiled/app.js" in 2.644 seconds.[0m
notifying browser that file changed:  resources\public\js\compiled\out\p_and_c_analytics2017\routes.js
[0mCompiling "resources/public/js/compiled/app.js" from ["src/cljs"]...[0m
[32mSuccessfully compiled "resources/public/js/compiled/app.js" in 2.512 seconds.[0m
notifying browser that file changed:  resources\public\js\compiled\out\p_and_c_analytics2017\routes.js
[0mCompiling "resources/public/js/compiled/app.js" from ["src/cljs"]...[0m
[32mSuccessfully compiled "resources/public/js/compiled/app.js" in 2.644 seconds.[0m
notifying browser that file changed:  resources\public\js\compiled\out\p_and_c_analytics2017\views.js
[0mCompiling "resources/public/js/compiled/app.js" from ["src/cljs"]...[0m
[32mSuccessfully compiled "resources/public/js/compiled/app.js" in 2.515 seconds.[0m
notifying browser that file changed:  resources\public\js\compiled\out\p_and_c_analytics2017\views.js
[0mCompiling "resources/public/js/compiled/app.js" from ["src/cljs"]...[0m
[32mSuccessfully compiled "resources/public/js/compiled/app.js" in 2.562 seconds.[0m
notifying browser that file changed:  resources\public\js\compiled\out\p_and_c_analytics2017\views.js
[0mCompiling "resources/public/js/compiled/app.js" from ["src/cljs"]...[0m
[32mSuccessfully compiled "resources/public/js/compiled/app.js" in 2.682 seconds.[0m
notifying browser that file changed:  resources\public\js\compiled\out\p_and_c_analytics2017\db.js
[0mCompiling "resources/public/js/compiled/app.js" from ["src/cljs"]...[0m
[32mSuccessfully compiled "resources/public/js/compiled/app.js" in 2.65 seconds.[0m
notifying browser that file changed:  resources\public\js\compiled\out\p_and_c_analytics2017\views.js
[0mCompiling "resources/public/js/compiled/app.js" from ["src/cljs"]...[0m
[32mSuccessfully compiled "resources/public/js/compiled/app.js" in 3.009 seconds.[0m
notifying browser that file changed:  resources/public/js/compiled/out/goog/deps.js
notifying browser that file changed:  resources/public/js/compiled/out/cljs_deps.js
notifying browser that file changed:  resources\public\js\compiled\out\p_and_c_analytics2017\views.js
[0mCompiling "resources/public/js/compiled/app.js" from ["src/cljs"]...[0m
[32mSuccessfully compiled "resources/public/js/compiled/app.js" in 2.759 seconds.[0m
notifying browser that file changed:  resources\public\js\compiled\out\p_and_c_analytics2017\views.js
[0mCompiling "resources/public/js/compiled/app.js" from ["src/cljs"]...[0m
[32mSuccessfully compiled "resources/public/js/compiled/app.js" in 2.702 seconds.[0m
notifying browser that file changed:  resources\public\js\compiled\out\p_and_c_analytics2017\views.js
[0mCompiling "resources/public/js/compiled/app.js" from ["src/cljs"]...[0m
[32mSuccessfully compiled "resources/public/js/compiled/app.js" in 2.741 seconds.[0m
notifying browser that file changed:  resources\public\js\compiled\out\p_and_c_analytics2017\views.js
[0mCompiling "resources/public/js/compiled/app.js" from ["src/cljs"]...[0m
[32mSuccessfully compiled "resources/public/js/compiled/app.js" in 2.668 seconds.[0m
notifying browser that file changed:  resources\public\js\compiled\out\p_and_c_analytics2017\views.js
[0mCompiling "resources/public/js/compiled/app.js" from ["src/cljs"]...[0m
[36m----  Compiler Warning on   src/cljs/p_and_c_analytics2017/views.cljs   line:11  column:19  ----[0m

  [1mUse of undeclared Var p-and-c-analytics2017.views/sort-by-input[0m

  [36m 7[0m  [36m(let [units (re-frame/subscribe [::subs/units])][0m
  [36m 8[0m  [36m [re-com/v-box[0m
  [36m 9[0m  [36m  :gap "1em"[0m
  [36m10[0m  [36m  :children[0m
  [33m11[0m  [1m  (sort-by (case sort-by-input[0m
  [0m  [0m  [33m                 ^--- Use of undeclared Var p-and-c-analytics2017.views/sort-by-input[0m
  [36m12[0m  [36m            :name (fn [[name {:keys [u v] :as properties} :as unit]][0m
  [36m13[0m  [36m                   name)[0m
  [36m14[0m  [36m            :dimension (fn [[name {:keys [u v] :as properties} :as unit]][0m
  [36m15[0m  [36m                        u)[0m
  [36m16[0m  [36m            :ratio (fn [[name {:keys [u v] :as properties} :as unit]][0m

[36m----  Compiler Warning : Please see src/cljs/p_and_c_analytics2017/views.cljs  ----[0m
[32mSuccessfully compiled "resources/public/js/compiled/app.js" in 2.729 seconds.[0m
notifying browser that file changed:  resources\public\js\compiled\out\p_and_c_analytics2017\views.js
[0mCompiling "resources/public/js/compiled/app.js" from ["src/cljs"]...[0m
[36m----  Compiler Warning on   src/cljs/p_and_c_analytics2017/views.cljs   line:11  column:4  ----[0m

  [1mWrong number of args (1) passed to cljs.core/cons[0m

  [36m 7[0m  [36m(let [units (re-frame/subscribe [::subs/units])][0m
  [36m 8[0m  [36m [re-com/v-box[0m
  [36m 9[0m  [36m  :gap "1em"[0m
  [36m10[0m  [36m  :children[0m
  [33m11[0m  [1m  (cons [])[0m
  [0m  [0m  [33m  ^--- Wrong number of args (1) passed to cljs.core/cons[0m
  [36m12[0m  [36m  (sort-by (case sort-by-input[0m
  [36m13[0m  [36m            :name (fn [[name {:keys [u v] :as properties} :as unit]][0m
  [36m14[0m  [36m                   name)[0m
  [36m15[0m  [36m            :dimension (fn [[name {:keys [u v] :as properties} :as unit]][0m
  [36m16[0m  [36m                        u)[0m

[36m----  Compiler Warning : Please see src/cljs/p_and_c_analytics2017/views.cljs  ----[0m
[36m----  Compiler Warning on   src/cljs/p_and_c_analytics2017/views.cljs   line:12  column:19  ----[0m

  [1mUse of undeclared Var p-and-c-analytics2017.views/sort-by-input[0m

  [36m 8[0m  [36m[re-com/v-box[0m
  [36m 9[0m  [36m :gap "1em"[0m
  [36m10[0m  [36m :children[0m
  [36m11[0m  [36m (cons [])[0m
  [33m12[0m  [1m (sort-by (case sort-by-input[0m
  [0m  [0m  [33m                ^--- Use of undeclared Var p-and-c-analytics2017.views/sort-by-input[0m
  [36m13[0m  [36m           :name (fn [[name {:keys [u v] :as properties} :as unit]][0m
  [36m14[0m  [36m                  name)[0m
  [36m15[0m  [36m           :dimension (fn [[name {:keys [u v] :as properties} :as unit]][0m
  [36m16[0m  [36m                       u)[0m
  [36m17[0m  [36m           :ratio (fn [[name {:keys [u v] :as properties} :as unit]][0m

[36m----  Compiler Warning : Please see src/cljs/p_and_c_analytics2017/views.cljs  ----[0m
[32mSuccessfully compiled "resources/public/js/compiled/app.js" in 2.667 seconds.[0m
notifying browser that file changed:  resources\public\js\compiled\out\p_and_c_analytics2017\views.js
[0mCompiling "resources/public/js/compiled/app.js" from ["src/cljs"]...[0m
[32mSuccessfully compiled "resources/public/js/compiled/app.js" in 2.857 seconds.[0m
notifying browser that file changed:  resources\public\js\compiled\out\p_and_c_analytics2017\views.js
[0mCompiling "resources/public/js/compiled/app.js" from ["src/cljs"]...[0m
[36m----  Compiler Warning on   src/cljs/p_and_c_analytics2017/views.cljs   line:12  column:4  ----[0m

  [1mWrong number of args (1) passed to cljs.core/cons[0m

  [36m 8[0m  [36m     sort-by-input (atom :name)][0m
  [36m 9[0m  [36m[re-com/v-box[0m
  [36m10[0m  [36m :gap "1em"[0m
  [36m11[0m  [36m :children[0m
  [33m12[0m  [1m (cons [re-com/single-dropdown[0m
  [0m  [0m  [33m ^--- Wrong number of args (1) passed to cljs.core/cons[0m
  [36m13[0m  [36m        :choices [{:id :name :label "Name"}[0m
  [36m14[0m  [36m                  {:id :dimension :label "Dimension"}[0m
  [36m15[0m  [36m                  {:id :ratio :label "Ratio"}][0m
  [36m16[0m  [36m        :model sort-by-input[0m
  [36m17[0m  [36m        :on-change (fn [id][0m

[36m----  Compiler Warning : Please see src/cljs/p_and_c_analytics2017/views.cljs  ----[0m
[32mSuccessfully compiled "resources/public/js/compiled/app.js" in 2.716 seconds.[0m
notifying browser that file changed:  resources\public\js\compiled\out\p_and_c_analytics2017\views.js
[0mCompiling "resources/public/js/compiled/app.js" from ["src/cljs"]...[0m
[32mSuccessfully compiled "resources/public/js/compiled/app.js" in 2.58 seconds.[0m
notifying browser that file changed:  resources\public\js\compiled\out\p_and_c_analytics2017\views.js
[0mCompiling "resources/public/js/compiled/app.js" from ["src/cljs"]...[0m
[32mSuccessfully compiled "resources/public/js/compiled/app.js" in 3.147 seconds.[0m
notifying browser that file changed:  resources\public\js\compiled\out\p_and_c_analytics2017\views.js
[0mCompiling "resources/public/js/compiled/app.js" from ["src/cljs"]...[0m
[32mSuccessfully compiled "resources/public/js/compiled/app.js" in 2.735 seconds.[0m
notifying browser that file changed:  resources\public\js\compiled\out\p_and_c_analytics2017\views.js
[0mCompiling "resources/public/js/compiled/app.js" from ["src/cljs"]...[0m
[32mSuccessfully compiled "resources/public/js/compiled/app.js" in 2.701 seconds.[0m
notifying browser that file changed:  resources\public\js\compiled\out\p_and_c_analytics2017\views.js
[0mCompiling "resources/public/js/compiled/app.js" from ["src/cljs"]...[0m
[32mSuccessfully compiled "resources/public/js/compiled/app.js" in 2.595 seconds.[0m
notifying browser that file changed:  resources\public\js\compiled\out\p_and_c_analytics2017\views.js
[0mCompiling "resources/public/js/compiled/app.js" from ["src/cljs"]...[0m
[32mSuccessfully compiled "resources/public/js/compiled/app.js" in 2.574 seconds.[0m
notifying browser that file changed:  resources\public\js\compiled\out\p_and_c_analytics2017\views.js
[0mCompiling "resources/public/js/compiled/app.js" from ["src/cljs"]...[0m
[32mSuccessfully compiled "resources/public/js/compiled/app.js" in 2.739 seconds.[0m
notifying browser that file changed:  resources\public\js\compiled\out\p_and_c_analytics2017\views.js
[0mCompiling "resources/public/js/compiled/app.js" from ["src/cljs"]...[0m
[32mSuccessfully compiled "resources/public/js/compiled/app.js" in 2.599 seconds.[0m
notifying browser that file changed:  resources\public\js\compiled\out\p_and_c_analytics2017\views.js
[0mCompiling "resources/public/js/compiled/app.js" from ["src/cljs"]...[0m
[32mSuccessfully compiled "resources/public/js/compiled/app.js" in 2.638 seconds.[0m
notifying browser that file changed:  resources\public\js\compiled\out\p_and_c_analytics2017\views.js
[0mCompiling "resources/public/js/compiled/app.js" from ["src/cljs"]...[0m
[32mSuccessfully compiled "resources/public/js/compiled/app.js" in 2.717 seconds.[0m
notifying browser that file changed:  resources\public\js\compiled\out\p_and_c_analytics2017\views.js
[0mCompiling "resources/public/js/compiled/app.js" from ["src/cljs"]...[0m
[32mSuccessfully compiled "resources/public/js/compiled/app.js" in 2.568 seconds.[0m
notifying browser that file changed:  resources\public\js\compiled\out\p_and_c_analytics2017\views.js
[0mCompiling "resources/public/js/compiled/app.js" from ["src/cljs"]...[0m
[36m----  Compiler Warning on   src/cljs/p_and_c_analytics2017/views.cljs   line:8  column:15  ----[0m

  [1mNo such namespace: rf, could not locate rf.cljs, rf.cljc, or JavaScript source providing "rf"[0m

  [36m 4[0m  [36m            [p-and-c-analytics2017.subs :as subs][0m
  [36m 5[0m  [36m            [reagent.core :as r]))[0m
  [36m 6[0m  [36m[0m
  [36m 7[0m  [36m(defn units-panel [][0m
  [33m 8[0m  [1m (let [units (rf/subscribe [::subs/units])[0m
  [0m  [0m  [33m              ^--- No such namespace: rf, could not locate rf.cljs, rf.cljc, or JavaScript source providing "rf"[0m
  [36m 9[0m  [36m       sort-by-input (r/atom :name)][0m
  [36m10[0m  [36m  (fn [][0m
  [36m11[0m  [36m   [rc/v-box[0m
  [36m12[0m  [36m    :gap "1em"[0m
  [36m13[0m  [36m    :children[0m

[36m----  Compiler Warning : Please see src/cljs/p_and_c_analytics2017/views.cljs  ----[0m
[36m----  Compiler Warning on   src/cljs/p_and_c_analytics2017/views.cljs   line:8  column:15  ----[0m

  [1mUse of undeclared Var rf/subscribe[0m

  [36m 4[0m  [36m            [p-and-c-analytics2017.subs :as subs][0m
  [36m 5[0m  [36m            [reagent.core :as r]))[0m
  [36m 6[0m  [36m[0m
  [36m 7[0m  [36m(defn units-panel [][0m
  [33m 8[0m  [1m (let [units (rf/subscribe [::subs/units])[0m
  [0m  [0m  [33m              ^--- Use of undeclared Var rf/subscribe[0m
  [36m 9[0m  [36m       sort-by-input (r/atom :name)][0m
  [36m10[0m  [36m  (fn [][0m
  [36m11[0m  [36m   [rc/v-box[0m
  [36m12[0m  [36m    :gap "1em"[0m
  [36m13[0m  [36m    :children[0m

[36m----  Compiler Warning : Please see src/cljs/p_and_c_analytics2017/views.cljs  ----[0m
[36m----  Compiler Warning on   src/cljs/p_and_c_analytics2017/views.cljs   line:11  column:5  ----[0m

  [1mNo such namespace: rc, could not locate rc.cljs, rc.cljc, or JavaScript source providing "rc"[0m

  [36m 7[0m  [36m(defn units-panel [][0m
  [36m 8[0m  [36m (let [units (rf/subscribe [::subs/units])[0m
  [36m 9[0m  [36m       sort-by-input (r/atom :name)][0m
  [36m10[0m  [36m  (fn [][0m
  [33m11[0m  [1m   [rc/v-box[0m
  [0m  [0m  [33m    ^--- No such namespace: rc, could not locate rc.cljs, rc.cljc, or JavaScript source providing "rc"[0m
  [36m12[0m  [36m    :gap "1em"[0m
  [36m13[0m  [36m    :children[0m
  [36m14[0m  [36m    (cons [rc/single-dropdown[0m
  [36m15[0m  [36m           :choices [{:id :name :label "Name"}[0m
  [36m16[0m  [36m                     {:id :dimension :label "Dimension"}[0m

[36m----  Compiler Warning : Please see src/cljs/p_and_c_analytics2017/views.cljs  ----[0m
[36m----  Compiler Warning on   src/cljs/p_and_c_analytics2017/views.cljs   line:11  column:5  ----[0m

  [1mUse of undeclared Var rc/v-box[0m

  [36m 7[0m  [36m(defn units-panel [][0m
  [36m 8[0m  [36m (let [units (rf/subscribe [::subs/units])[0m
  [36m 9[0m  [36m       sort-by-input (r/atom :name)][0m
  [36m10[0m  [36m  (fn [][0m
  [33m11[0m  [1m   [rc/v-box[0m
  [0m  [0m  [33m    ^--- Use of undeclared Var rc/v-box[0m
  [36m12[0m  [36m    :gap "1em"[0m
  [36m13[0m  [36m    :children[0m
  [36m14[0m  [36m    (cons [rc/single-dropdown[0m
  [36m15[0m  [36m           :choices [{:id :name :label "Name"}[0m
  [36m16[0m  [36m                     {:id :dimension :label "Dimension"}[0m

[36m----  Compiler Warning : Please see src/cljs/p_and_c_analytics2017/views.cljs  ----[0m
[36m----  Compiler Warning on   src/cljs/p_and_c_analytics2017/views.cljs   line:14  column:12  ----[0m

  [1mNo such namespace: rc, could not locate rc.cljs, rc.cljc, or JavaScript source providing "rc"[0m

  [36m10[0m  [36m(fn [][0m
  [36m11[0m  [36m [rc/v-box[0m
  [36m12[0m  [36m  :gap "1em"[0m
  [36m13[0m  [36m  :children[0m
  [33m14[0m  [1m  (cons [rc/single-dropdown[0m
  [0m  [0m  [33m         ^--- No such namespace: rc, could not locate rc.cljs, rc.cljc, or JavaScript source providing "rc"[0m
  [36m15[0m  [36m         :choices [{:id :name :label "Name"}[0m
  [36m16[0m  [36m                   {:id :dimension :label "Dimension"}[0m
  [36m17[0m  [36m                   {:id :ratio :label "Ratio"}][0m
  [36m18[0m  [36m         :model sort-by-input[0m
  [36m19[0m  [36m         :on-change (fn [id][0m

[36m----  Compiler Warning : Please see src/cljs/p_and_c_analytics2017/views.cljs  ----[0m
[36m----  Compiler Warning on   src/cljs/p_and_c_analytics2017/views.cljs   line:14  column:12  ----[0m

  [1mUse of undeclared Var rc/single-dropdown[0m

  [36m10[0m  [36m(fn [][0m
  [36m11[0m  [36m [rc/v-box[0m
  [36m12[0m  [36m  :gap "1em"[0m
  [36m13[0m  [36m  :children[0m
  [33m14[0m  [1m  (cons [rc/single-dropdown[0m
  [0m  [0m  [33m         ^--- Use of undeclared Var rc/single-dropdown[0m
  [36m15[0m  [36m         :choices [{:id :name :label "Name"}[0m
  [36m16[0m  [36m                   {:id :dimension :label "Dimension"}[0m
  [36m17[0m  [36m                   {:id :ratio :label "Ratio"}][0m
  [36m18[0m  [36m         :model sort-by-input[0m
  [36m19[0m  [36m         :on-change (fn [id][0m

[36m----  Compiler Warning : Please see src/cljs/p_and_c_analytics2017/views.cljs  ----[0m
[36m----  Compiler Warning on   src/cljs/p_and_c_analytics2017/views.cljs   line:31  column:13  ----[0m

  [1mNo such namespace: rc, could not locate rc.cljs, rc.cljc, or JavaScript source providing "rc"[0m

  [36m27[0m  [36m                                                  v))[0m
  [36m28[0m  [36m                                         <[0m
  [36m29[0m  [36m                                         @units)][0m
  [36m30[0m  [36m           ^{:key name}[0m
  [33m31[0m  [1m           [rc/box[0m
  [0m  [0m  [33m            ^--- No such namespace: rc, could not locate rc.cljs, rc.cljc, or JavaScript source providing "rc"[0m
  [36m32[0m  [36m            :child (str unit)]))])))[0m
  [36m33[0m  [36m[0m
  [36m34[0m  [36m;; home[0m
  [36m35[0m  [36m[0m
  [36m36[0m  [36m(defn home-title [][0m

[36m----  Compiler Warning : Please see src/cljs/p_and_c_analytics2017/views.cljs  ----[0m
[36m----  Compiler Warning on   src/cljs/p_and_c_analytics2017/views.cljs   line:31  column:13  ----[0m

  [1mUse of undeclared Var rc/box[0m

  [36m27[0m  [36m                                                  v))[0m
  [36m28[0m  [36m                                         <[0m
  [36m29[0m  [36m                                         @units)][0m
  [36m30[0m  [36m           ^{:key name}[0m
  [33m31[0m  [1m           [rc/box[0m
  [0m  [0m  [33m            ^--- Use of undeclared Var rc/box[0m
  [36m32[0m  [36m            :child (str unit)]))])))[0m
  [36m33[0m  [36m[0m
  [36m34[0m  [36m;; home[0m
  [36m35[0m  [36m[0m
  [36m36[0m  [36m(defn home-title [][0m

[36m----  Compiler Warning : Please see src/cljs/p_and_c_analytics2017/views.cljs  ----[0m
[36m----  Compiler Warning on   src/cljs/p_and_c_analytics2017/views.cljs   line:31  column:13  ----[0m

  [1mNo such namespace: rc, could not locate rc.cljs, rc.cljc, or JavaScript source providing "rc"[0m

  [36m27[0m  [36m                                                  v))[0m
  [36m28[0m  [36m                                         <[0m
  [36m29[0m  [36m                                         @units)][0m
  [36m30[0m  [36m           ^{:key name}[0m
  [33m31[0m  [1m           [rc/box[0m
  [0m  [0m  [33m            ^--- No such namespace: rc, could not locate rc.cljs, rc.cljc, or JavaScript source providing "rc"[0m
  [36m32[0m  [36m            :child (str unit)]))])))[0m
  [36m33[0m  [36m[0m
  [36m34[0m  [36m;; home[0m
  [36m35[0m  [36m[0m
  [36m36[0m  [36m(defn home-title [][0m

[36m----  Compiler Warning : Please see src/cljs/p_and_c_analytics2017/views.cljs  ----[0m
[36m----  Compiler Warning on   src/cljs/p_and_c_analytics2017/views.cljs   line:31  column:13  ----[0m

  [1mUse of undeclared Var rc/box[0m

  [36m27[0m  [36m                                                  v))[0m
  [36m28[0m  [36m                                         <[0m
  [36m29[0m  [36m                                         @units)][0m
  [36m30[0m  [36m           ^{:key name}[0m
  [33m31[0m  [1m           [rc/box[0m
  [0m  [0m  [33m            ^--- Use of undeclared Var rc/box[0m
  [36m32[0m  [36m            :child (str unit)]))])))[0m
  [36m33[0m  [36m[0m
  [36m34[0m  [36m;; home[0m
  [36m35[0m  [36m[0m
  [36m36[0m  [36m(defn home-title [][0m

[36m----  Compiler Warning : Please see src/cljs/p_and_c_analytics2017/views.cljs  ----[0m
[36m----  Compiler Warning on   src/cljs/p_and_c_analytics2017/views.cljs   line:37  column:15  ----[0m

  [1mNo such namespace: rf, could not locate rf.cljs, rf.cljc, or JavaScript source providing "rf"[0m

  [36m34[0m  [36m;; home[0m
  [36m35[0m  [36m[0m
  [36m36[0m  [36m(defn home-title [][0m
  [33m37[0m  [1m  (let [name (rf/subscribe [::subs/name])][0m
  [0m  [0m  [33m              ^--- No such namespace: rf, could not locate rf.cljs, rf.cljc, or JavaScript source providing "rf"[0m
  [36m38[0m  [36m    [rc/title[0m
  [36m39[0m  [36m     :label (str @name ". This is the Home Page.")[0m
  [36m40[0m  [36m     :level :level1]))[0m
  [36m41[0m  [36m[0m
  [36m42[0m  [36m(defn link-to-about-page [][0m

[36m----  Compiler Warning : Please see src/cljs/p_and_c_analytics2017/views.cljs  ----[0m
[36m----  Compiler Warning on   src/cljs/p_and_c_analytics2017/views.cljs   line:37  column:15  ----[0m

  [1mUse of undeclared Var rf/subscribe[0m

  [36m34[0m  [36m;; home[0m
  [36m35[0m  [36m[0m
  [36m36[0m  [36m(defn home-title [][0m
  [33m37[0m  [1m  (let [name (rf/subscribe [::subs/name])][0m
  [0m  [0m  [33m              ^--- Use of undeclared Var rf/subscribe[0m
  [36m38[0m  [36m    [rc/title[0m
  [36m39[0m  [36m     :label (str @name ". This is the Home Page.")[0m
  [36m40[0m  [36m     :level :level1]))[0m
  [36m41[0m  [36m[0m
  [36m42[0m  [36m(defn link-to-about-page [][0m

[36m----  Compiler Warning : Please see src/cljs/p_and_c_analytics2017/views.cljs  ----[0m
[36m----  Compiler Warning on   src/cljs/p_and_c_analytics2017/views.cljs   line:38  column:6  ----[0m

  [1mNo such namespace: rc, could not locate rc.cljs, rc.cljc, or JavaScript source providing "rc"[0m

  [36m34[0m  [36m;; home[0m
  [36m35[0m  [36m[0m
  [36m36[0m  [36m(defn home-title [][0m
  [36m37[0m  [36m  (let [name (rf/subscribe [::subs/name])][0m
  [33m38[0m  [1m    [rc/title[0m
  [0m  [0m  [33m     ^--- No such namespace: rc, could not locate rc.cljs, rc.cljc, or JavaScript source providing "rc"[0m
  [36m39[0m  [36m     :label (str @name ". This is the Home Page.")[0m
  [36m40[0m  [36m     :level :level1]))[0m
  [36m41[0m  [36m[0m
  [36m42[0m  [36m(defn link-to-about-page [][0m
  [36m43[0m  [36m  [rc/hyperlink-href[0m

[36m----  Compiler Warning : Please see src/cljs/p_and_c_analytics2017/views.cljs  ----[0m
[36m----  Compiler Warning on   src/cljs/p_and_c_analytics2017/views.cljs   line:38  column:6  ----[0m

  [1mUse of undeclared Var rc/title[0m

  [36m34[0m  [36m;; home[0m
  [36m35[0m  [36m[0m
  [36m36[0m  [36m(defn home-title [][0m
  [36m37[0m  [36m  (let [name (rf/subscribe [::subs/name])][0m
  [33m38[0m  [1m    [rc/title[0m
  [0m  [0m  [33m     ^--- Use of undeclared Var rc/title[0m
  [36m39[0m  [36m     :label (str @name ". This is the Home Page.")[0m
  [36m40[0m  [36m     :level :level1]))[0m
  [36m41[0m  [36m[0m
  [36m42[0m  [36m(defn link-to-about-page [][0m
  [36m43[0m  [36m  [rc/hyperlink-href[0m

[36m----  Compiler Warning : Please see src/cljs/p_and_c_analytics2017/views.cljs  ----[0m
[36m----  Compiler Warning on   src/cljs/p_and_c_analytics2017/views.cljs   line:43  column:4  ----[0m

  [1mNo such namespace: rc, could not locate rc.cljs, rc.cljc, or JavaScript source providing "rc"[0m

  [36m39[0m  [36m     :label (str @name ". This is the Home Page.")[0m
  [36m40[0m  [36m     :level :level1]))[0m
  [36m41[0m  [36m[0m
  [36m42[0m  [36m(defn link-to-about-page [][0m
  [33m43[0m  [1m  [rc/hyperlink-href[0m
  [0m  [0m  [33m   ^--- No such namespace: rc, could not locate rc.cljs, rc.cljc, or JavaScript source providing "rc"[0m
  [36m44[0m  [36m   :label "go to About Page"[0m
  [36m45[0m  [36m   :href "#/about"])[0m
  [36m46[0m  [36m[0m
  [36m47[0m  [36m(defn link-to-units-page [][0m
  [36m48[0m  [36m [rc/hyperlink-href[0m

[36m----  Compiler Warning : Please see src/cljs/p_and_c_analytics2017/views.cljs  ----[0m
[36m----  Compiler Warning on   src/cljs/p_and_c_analytics2017/views.cljs   line:43  column:4  ----[0m

  [1mUse of undeclared Var rc/hyperlink-href[0m

  [36m39[0m  [36m     :label (str @name ". This is the Home Page.")[0m
  [36m40[0m  [36m     :level :level1]))[0m
  [36m41[0m  [36m[0m
  [36m42[0m  [36m(defn link-to-about-page [][0m
  [33m43[0m  [1m  [rc/hyperlink-href[0m
  [0m  [0m  [33m   ^--- Use of undeclared Var rc/hyperlink-href[0m
  [36m44[0m  [36m   :label "go to About Page"[0m
  [36m45[0m  [36m   :href "#/about"])[0m
  [36m46[0m  [36m[0m
  [36m47[0m  [36m(defn link-to-units-page [][0m
  [36m48[0m  [36m [rc/hyperlink-href[0m

[36m----  Compiler Warning : Please see src/cljs/p_and_c_analytics2017/views.cljs  ----[0m
[36m----  Compiler Warning on   src/cljs/p_and_c_analytics2017/views.cljs   line:48  column:3  ----[0m

  [1mNo such namespace: rc, could not locate rc.cljs, rc.cljc, or JavaScript source providing "rc"[0m

  [36m44[0m  [36m   :label "go to About Page"[0m
  [36m45[0m  [36m   :href "#/about"])[0m
  [36m46[0m  [36m[0m
  [36m47[0m  [36m(defn link-to-units-page [][0m
  [33m48[0m  [1m [rc/hyperlink-href[0m
  [0m  [0m  [33m  ^--- No such namespace: rc, could not locate rc.cljs, rc.cljc, or JavaScript source providing "rc"[0m
  [36m49[0m  [36m  :label "go to Units Page"[0m
  [36m50[0m  [36m  :href "#/units"])[0m
  [36m51[0m  [36m[0m
  [36m52[0m  [36m(defn home-panel [][0m
  [36m53[0m  [36m [rc/v-box[0m

[36m----  Compiler Warning : Please see src/cljs/p_and_c_analytics2017/views.cljs  ----[0m
[36m----  Compiler Warning on   src/cljs/p_and_c_analytics2017/views.cljs   line:48  column:3  ----[0m

  [1mUse of undeclared Var rc/hyperlink-href[0m

  [36m44[0m  [36m   :label "go to About Page"[0m
  [36m45[0m  [36m   :href "#/about"])[0m
  [36m46[0m  [36m[0m
  [36m47[0m  [36m(defn link-to-units-page [][0m
  [33m48[0m  [1m [rc/hyperlink-href[0m
  [0m  [0m  [33m  ^--- Use of undeclared Var rc/hyperlink-href[0m
  [36m49[0m  [36m  :label "go to Units Page"[0m
  [36m50[0m  [36m  :href "#/units"])[0m
  [36m51[0m  [36m[0m
  [36m52[0m  [36m(defn home-panel [][0m
  [36m53[0m  [36m [rc/v-box[0m

[36m----  Compiler Warning : Please see src/cljs/p_and_c_analytics2017/views.cljs  ----[0m
[36m----  Compiler Warning on   src/cljs/p_and_c_analytics2017/views.cljs   line:53  column:3  ----[0m

  [1mNo such namespace: rc, could not locate rc.cljs, rc.cljc, or JavaScript source providing "rc"[0m

  [36m49[0m  [36m  :label "go to Units Page"[0m
  [36m50[0m  [36m  :href "#/units"])[0m
  [36m51[0m  [36m[0m
  [36m52[0m  [36m(defn home-panel [][0m
  [33m53[0m  [1m [rc/v-box[0m
  [0m  [0m  [33m  ^--- No such namespace: rc, could not locate rc.cljs, rc.cljc, or JavaScript source providing "rc"[0m
  [36m54[0m  [36m  :gap "1em"[0m
  [36m55[0m  [36m  :children [[home-title][0m
  [36m56[0m  [36m             [link-to-about-page][0m
  [36m57[0m  [36m             [link-to-units-page]]])[0m

[36m----  Compiler Warning : Please see src/cljs/p_and_c_analytics2017/views.cljs  ----[0m
[36m----  Compiler Warning on   src/cljs/p_and_c_analytics2017/views.cljs   line:53  column:3  ----[0m

  [1mUse of undeclared Var rc/v-box[0m

  [36m49[0m  [36m  :label "go to Units Page"[0m
  [36m50[0m  [36m  :href "#/units"])[0m
  [36m51[0m  [36m[0m
  [36m52[0m  [36m(defn home-panel [][0m
  [33m53[0m  [1m [rc/v-box[0m
  [0m  [0m  [33m  ^--- Use of undeclared Var rc/v-box[0m
  [36m54[0m  [36m  :gap "1em"[0m
  [36m55[0m  [36m  :children [[home-title][0m
  [36m56[0m  [36m             [link-to-about-page][0m
  [36m57[0m  [36m             [link-to-units-page]]])[0m

[36m----  Compiler Warning : Please see src/cljs/p_and_c_analytics2017/views.cljs  ----[0m
[36m----  Compiler Warning on   src/cljs/p_and_c_analytics2017/views.cljs   line:62  column:4  ----[0m

  [1mNo such namespace: rc, could not locate rc.cljs, rc.cljc, or JavaScript source providing "rc"[0m

  [36m59[0m  [36m;; about[0m
  [36m60[0m  [36m[0m
  [36m61[0m  [36m(defn about-title [][0m
  [33m62[0m  [1m  [rc/title[0m
  [0m  [0m  [33m   ^--- No such namespace: rc, could not locate rc.cljs, rc.cljc, or JavaScript source providing "rc"[0m
  [36m63[0m  [36m   :label "This is the About Page."[0m
  [36m64[0m  [36m   :level :level1])[0m
  [36m65[0m  [36m[0m
  [36m66[0m  [36m(defn link-to-home-page [][0m
  [36m67[0m  [36m  [rc/hyperlink-href[0m

[36m----  Compiler Warning : Please see src/cljs/p_and_c_analytics2017/views.cljs  ----[0m
[36m----  Compiler Warning on   src/cljs/p_and_c_analytics2017/views.cljs   line:62  column:4  ----[0m

  [1mUse of undeclared Var rc/title[0m

  [36m59[0m  [36m;; about[0m
  [36m60[0m  [36m[0m
  [36m61[0m  [36m(defn about-title [][0m
  [33m62[0m  [1m  [rc/title[0m
  [0m  [0m  [33m   ^--- Use of undeclared Var rc/title[0m
  [36m63[0m  [36m   :label "This is the About Page."[0m
  [36m64[0m  [36m   :level :level1])[0m
  [36m65[0m  [36m[0m
  [36m66[0m  [36m(defn link-to-home-page [][0m
  [36m67[0m  [36m  [rc/hyperlink-href[0m

[36m----  Compiler Warning : Please see src/cljs/p_and_c_analytics2017/views.cljs  ----[0m
[36m----  Compiler Warning on   src/cljs/p_and_c_analytics2017/views.cljs   line:67  column:4  ----[0m

  [1mNo such namespace: rc, could not locate rc.cljs, rc.cljc, or JavaScript source providing "rc"[0m

  [36m63[0m  [36m   :label "This is the About Page."[0m
  [36m64[0m  [36m   :level :level1])[0m
  [36m65[0m  [36m[0m
  [36m66[0m  [36m(defn link-to-home-page [][0m
  [33m67[0m  [1m  [rc/hyperlink-href[0m
  [0m  [0m  [33m   ^--- No such namespace: rc, could not locate rc.cljs, rc.cljc, or JavaScript source providing "rc"[0m
  [36m68[0m  [36m   :label "go to Home Page"[0m
  [36m69[0m  [36m   :href "#/"])[0m
  [36m70[0m  [36m[0m
  [36m71[0m  [36m(defn about-panel [][0m
  [36m72[0m  [36m  [rc/v-box[0m

[36m----  Compiler Warning : Please see src/cljs/p_and_c_analytics2017/views.cljs  ----[0m
[36m----  Compiler Warning on   src/cljs/p_and_c_analytics2017/views.cljs   line:67  column:4  ----[0m

  [1mUse of undeclared Var rc/hyperlink-href[0m

  [36m63[0m  [36m   :label "This is the About Page."[0m
  [36m64[0m  [36m   :level :level1])[0m
  [36m65[0m  [36m[0m
  [36m66[0m  [36m(defn link-to-home-page [][0m
  [33m67[0m  [1m  [rc/hyperlink-href[0m
  [0m  [0m  [33m   ^--- Use of undeclared Var rc/hyperlink-href[0m
  [36m68[0m  [36m   :label "go to Home Page"[0m
  [36m69[0m  [36m   :href "#/"])[0m
  [36m70[0m  [36m[0m
  [36m71[0m  [36m(defn about-panel [][0m
  [36m72[0m  [36m  [rc/v-box[0m

[36m----  Compiler Warning : Please see src/cljs/p_and_c_analytics2017/views.cljs  ----[0m
[36m----  Compiler Warning on   src/cljs/p_and_c_analytics2017/views.cljs   line:72  column:4  ----[0m

  [1mNo such namespace: rc, could not locate rc.cljs, rc.cljc, or JavaScript source providing "rc"[0m

  [36m68[0m  [36m   :label "go to Home Page"[0m
  [36m69[0m  [36m   :href "#/"])[0m
  [36m70[0m  [36m[0m
  [36m71[0m  [36m(defn about-panel [][0m
  [33m72[0m  [1m  [rc/v-box[0m
  [0m  [0m  [33m   ^--- No such namespace: rc, could not locate rc.cljs, rc.cljc, or JavaScript source providing "rc"[0m
  [36m73[0m  [36m   :gap "1em"[0m
  [36m74[0m  [36m   :children [[about-title] [link-to-home-page]]])[0m
  [36m75[0m  [36m[0m
  [36m76[0m  [36m;; main[0m

[36m----  Compiler Warning : Please see src/cljs/p_and_c_analytics2017/views.cljs  ----[0m
[36m----  Compiler Warning on   src/cljs/p_and_c_analytics2017/views.cljs   line:72  column:4  ----[0m

  [1mUse of undeclared Var rc/v-box[0m

  [36m68[0m  [36m   :label "go to Home Page"[0m
  [36m69[0m  [36m   :href "#/"])[0m
  [36m70[0m  [36m[0m
  [36m71[0m  [36m(defn about-panel [][0m
  [33m72[0m  [1m  [rc/v-box[0m
  [0m  [0m  [33m   ^--- Use of undeclared Var rc/v-box[0m
  [36m73[0m  [36m   :gap "1em"[0m
  [36m74[0m  [36m   :children [[about-title] [link-to-home-page]]])[0m
  [36m75[0m  [36m[0m
  [36m76[0m  [36m;; main[0m

[36m----  Compiler Warning : Please see src/cljs/p_and_c_analytics2017/views.cljs  ----[0m
[36m----  Compiler Warning on   src/cljs/p_and_c_analytics2017/views.cljs   line:89  column:23  ----[0m

  [1mNo such namespace: rf, could not locate rf.cljs, rf.cljc, or JavaScript source providing "rf"[0m

  [36m85[0m  [36m(defn show-panel [panel-name][0m
  [36m86[0m  [36m  [panels panel-name])[0m
  [36m87[0m  [36m[0m
  [36m88[0m  [36m(defn main-panel [][0m
  [33m89[0m  [1m  (let [active-panel (rf/subscribe [::subs/active-panel])][0m
  [0m  [0m  [33m                      ^--- No such namespace: rf, could not locate rf.cljs, rf.cljc, or JavaScript source providing "rf"[0m
  [36m90[0m  [36m    [rc/v-box[0m
  [36m91[0m  [36m     :height "100%"[0m
  [36m92[0m  [36m     :children [[panels @active-panel]]]))[0m

[36m----  Compiler Warning : Please see src/cljs/p_and_c_analytics2017/views.cljs  ----[0m
[36m----  Compiler Warning on   src/cljs/p_and_c_analytics2017/views.cljs   line:89  column:23  ----[0m

  [1mUse of undeclared Var rf/subscribe[0m

  [36m85[0m  [36m(defn show-panel [panel-name][0m
  [36m86[0m  [36m  [panels panel-name])[0m
  [36m87[0m  [36m[0m
  [36m88[0m  [36m(defn main-panel [][0m
  [33m89[0m  [1m  (let [active-panel (rf/subscribe [::subs/active-panel])][0m
  [0m  [0m  [33m                      ^--- Use of undeclared Var rf/subscribe[0m
  [36m90[0m  [36m    [rc/v-box[0m
  [36m91[0m  [36m     :height "100%"[0m
  [36m92[0m  [36m     :children [[panels @active-panel]]]))[0m

[36m----  Compiler Warning : Please see src/cljs/p_and_c_analytics2017/views.cljs  ----[0m
[36m----  Compiler Warning on   src/cljs/p_and_c_analytics2017/views.cljs   line:90  column:6  ----[0m

  [1mNo such namespace: rc, could not locate rc.cljs, rc.cljc, or JavaScript source providing "rc"[0m

  [36m86[0m  [36m  [panels panel-name])[0m
  [36m87[0m  [36m[0m
  [36m88[0m  [36m(defn main-panel [][0m
  [36m89[0m  [36m  (let [active-panel (rf/subscribe [::subs/active-panel])][0m
  [33m90[0m  [1m    [rc/v-box[0m
  [0m  [0m  [33m     ^--- No such namespace: rc, could not locate rc.cljs, rc.cljc, or JavaScript source providing "rc"[0m
  [36m91[0m  [36m     :height "100%"[0m
  [36m92[0m  [36m     :children [[panels @active-panel]]]))[0m

[36m----  Compiler Warning : Please see src/cljs/p_and_c_analytics2017/views.cljs  ----[0m
[36m----  Compiler Warning on   src/cljs/p_and_c_analytics2017/views.cljs   line:90  column:6  ----[0m

  [1mUse of undeclared Var rc/v-box[0m

  [36m86[0m  [36m  [panels panel-name])[0m
  [36m87[0m  [36m[0m
  [36m88[0m  [36m(defn main-panel [][0m
  [36m89[0m  [36m  (let [active-panel (rf/subscribe [::subs/active-panel])][0m
  [33m90[0m  [1m    [rc/v-box[0m
  [0m  [0m  [33m     ^--- Use of undeclared Var rc/v-box[0m
  [36m91[0m  [36m     :height "100%"[0m
  [36m92[0m  [36m     :children [[panels @active-panel]]]))[0m

[36m----  Compiler Warning : Please see src/cljs/p_and_c_analytics2017/views.cljs  ----[0m
[32mSuccessfully compiled "resources/public/js/compiled/app.js" in 4.008 seconds.[0m
notifying browser that file changed:  resources/public/js/compiled/out/cljs_deps.js
notifying browser that file changed:  resources\public\js\compiled\out\p_and_c_analytics2017\views.js
[0mCompiling "resources/public/js/compiled/app.js" from ["src/cljs"]...[0m
[32mSuccessfully compiled "resources/public/js/compiled/app.js" in 2.425 seconds.[0m
notifying browser that file changed:  resources\public\js\compiled\out\p_and_c_analytics2017\views.js
[0mCompiling "resources/public/js/compiled/app.js" from ["src/cljs"]...[0m
[32mSuccessfully compiled "resources/public/js/compiled/app.js" in 2.737 seconds.[0m
notifying browser that file changed:  resources\public\js\compiled\out\p_and_c_analytics2017\views.js
[0mCompiling "resources/public/js/compiled/app.js" from ["src/cljs"]...[0m
[32mSuccessfully compiled "resources/public/js/compiled/app.js" in 2.639 seconds.[0m
notifying browser that file changed:  resources\public\js\compiled\out\p_and_c_analytics2017\views.js
[0mCompiling "resources/public/js/compiled/app.js" from ["src/cljs"]...[0m
[32mSuccessfully compiled "resources/public/js/compiled/app.js" in 2.556 seconds.[0m
notifying browser that file changed:  resources\public\js\compiled\out\p_and_c_analytics2017\views.js
[0mCompiling "resources/public/js/compiled/app.js" from ["src/cljs"]...[0m
[32mSuccessfully compiled "resources/public/js/compiled/app.js" in 2.725 seconds.[0m
notifying browser that file changed:  resources\public\js\compiled\out\p_and_c_analytics2017\views.js
[0mCompiling "resources/public/js/compiled/app.js" from ["src/cljs"]...[0m
[32mSuccessfully compiled "resources/public/js/compiled/app.js" in 2.737 seconds.[0m
notifying browser that file changed:  resources\public\js\compiled\out\p_and_c_analytics2017\views.js
[0mCompiling "resources/public/js/compiled/app.js" from ["src/cljs"]...[0m
[32mSuccessfully compiled "resources/public/js/compiled/app.js" in 2.412 seconds.[0m
notifying browser that file changed:  resources\public\js\compiled\out\p_and_c_analytics2017\views.js
[0mCompiling "resources/public/js/compiled/app.js" from ["src/cljs"]...[0m
[32mSuccessfully compiled "resources/public/js/compiled/app.js" in 2.637 seconds.[0m
notifying browser that file changed:  resources\public\js\compiled\out\p_and_c_analytics2017\views.js
[0mCompiling "resources/public/js/compiled/app.js" from ["src/cljs"]...[0m
[32mSuccessfully compiled "resources/public/js/compiled/app.js" in 2.542 seconds.[0m
notifying browser that file changed:  resources\public\js\compiled\out\p_and_c_analytics2017\views.js
[0mCompiling "resources/public/js/compiled/app.js" from ["src/cljs"]...[0m
[32mSuccessfully compiled "resources/public/js/compiled/app.js" in 2.638 seconds.[0m
notifying browser that file changed:  resources\public\js\compiled\out\p_and_c_analytics2017\views.js
[0mCompiling "resources/public/js/compiled/app.js" from ["src/cljs"]...[0m
[32mSuccessfully compiled "resources/public/js/compiled/app.js" in 2.513 seconds.[0m
notifying browser that file changed:  resources\public\js\compiled\out\p_and_c_analytics2017\views.js
[0mCompiling "resources/public/js/compiled/app.js" from ["src/cljs"]...[0m
[32mSuccessfully compiled "resources/public/js/compiled/app.js" in 2.534 seconds.[0m
notifying browser that file changed:  resources\public\js\compiled\out\p_and_c_analytics2017\views.js
[0mCompiling "resources/public/js/compiled/app.js" from ["src/cljs"]...[0m
[32mSuccessfully compiled "resources/public/js/compiled/app.js" in 2.539 seconds.[0m
notifying browser that file changed:  resources\public\js\compiled\out\p_and_c_analytics2017\views.js
[0mCompiling "resources/public/js/compiled/app.js" from ["src/cljs"]...[0m
[32mSuccessfully compiled "resources/public/js/compiled/app.js" in 2.621 seconds.[0m
notifying browser that file changed:  resources\public\js\compiled\out\p_and_c_analytics2017\views.js
[0mCompiling "resources/public/js/compiled/app.js" from ["src/cljs"]...[0m
[32mSuccessfully compiled "resources/public/js/compiled/app.js" in 2.571 seconds.[0m
notifying browser that file changed:  resources\public\js\compiled\out\p_and_c_analytics2017\views.js
[0mCompiling "resources/public/js/compiled/app.js" from ["src/cljs"]...[0m
[32mSuccessfully compiled "resources/public/js/compiled/app.js" in 2.652 seconds.[0m
notifying browser that file changed:  resources\public\js\compiled\out\p_and_c_analytics2017\views.js
[0mCompiling "resources/public/js/compiled/app.js" from ["src/cljs"]...[0m
[32mSuccessfully compiled "resources/public/js/compiled/app.js" in 2.659 seconds.[0m
notifying browser that file changed:  resources\public\js\compiled\out\p_and_c_analytics2017\views.js
[0mCompiling "resources/public/js/compiled/app.js" from ["src/cljs"]...[0m
[32mSuccessfully compiled "resources/public/js/compiled/app.js" in 2.491 seconds.[0m
notifying browser that file changed:  resources\public\js\compiled\out\p_and_c_analytics2017\views.js
[0mCompiling "resources/public/js/compiled/app.js" from ["src/cljs"]...[0m
[32mSuccessfully compiled "resources/public/js/compiled/app.js" in 2.449 seconds.[0m
notifying browser that file changed:  resources\public\js\compiled\out\p_and_c_analytics2017\views.js
[0mCompiling "resources/public/js/compiled/app.js" from ["src/cljs"]...[0m
[32mSuccessfully compiled "resources/public/js/compiled/app.js" in 2.607 seconds.[0m
notifying browser that file changed:  resources\public\js\compiled\out\p_and_c_analytics2017\views.js
[0mCompiling "resources/public/js/compiled/app.js" from ["src/cljs"]...[0m
[32mSuccessfully compiled "resources/public/js/compiled/app.js" in 2.513 seconds.[0m
notifying browser that file changed:  resources\public\js\compiled\out\p_and_c_analytics2017\views.js
[0mCompiling "resources/public/js/compiled/app.js" from ["src/cljs"]...[0m
[36m----  Compiler Warning on   src/cljs/p_and_c_analytics2017/views.cljs   line:41  column:29  ----[0m

  [1mUse of undeclared Var p-and-c-analytics2017.views/group-by-input[0m

  [36m37[0m  [36m          :ratio (fn [[name {:keys [u v] :as properties} :as unit]][0m
  [36m38[0m  [36m                  v))[0m
  [36m39[0m  [36m         (:fn @sort-by-comp))[0m
  [36m40[0m  [36m(group-by (fn [[name {:keys [u v] :as properties} :as unit]][0m
  [33m41[0m  [1m           (case @group-by-input[0m
  [0m  [0m  [33m                  ^--- Use of undeclared Var p-and-c-analytics2017.views/group-by-input[0m
  [36m42[0m  [36m            :name)))[0m
  [36m43[0m  [36m(map (fn [[name :as unit]][0m
  [36m44[0m  [36m      ^{:key name}[0m
  [36m45[0m  [36m      [rc/box[0m
  [36m46[0m  [36m       :child (str unit)]))))])))[0m

[36m----  Compiler Warning : Please see src/cljs/p_and_c_analytics2017/views.cljs  ----[0m
[32mSuccessfully compiled "resources/public/js/compiled/app.js" in 2.857 seconds.[0m
notifying browser that file changed:  resources\public\js\compiled\out\p_and_c_analytics2017\views.js
[0mCompiling "resources/public/js/compiled/app.js" from ["src/cljs"]...[0m
[36m----  Compiler Warning on   src/cljs/p_and_c_analytics2017/views.cljs   line:41  column:29  ----[0m

  [1mUse of undeclared Var p-and-c-analytics2017.views/group-by-input[0m

  [36m37[0m  [36m          :ratio (fn [[name {:keys [u v] :as properties} :as unit]][0m
  [36m38[0m  [36m                  v))[0m
  [36m39[0m  [36m         (:fn @sort-by-comp))[0m
  [36m40[0m  [36m(group-by (fn [[name {:keys [u v] :as properties} :as unit]][0m
  [33m41[0m  [1m           (case @group-by-input[0m
  [0m  [0m  [33m                  ^--- Use of undeclared Var p-and-c-analytics2017.views/group-by-input[0m
  [36m42[0m  [36m            :name name[0m
  [36m43[0m  [36m            :dimension u[0m
  [36m44[0m  [36m            :ratio v)))[0m
  [36m45[0m  [36m(map (fn [[name :as unit]][0m
  [36m46[0m  [36m      ^{:key name}[0m

[36m----  Compiler Warning : Please see src/cljs/p_and_c_analytics2017/views.cljs  ----[0m
[32mSuccessfully compiled "resources/public/js/compiled/app.js" in 2.743 seconds.[0m
notifying browser that file changed:  resources\public\js\compiled\out\p_and_c_analytics2017\views.js
[0mCompiling "resources/public/js/compiled/app.js" from ["src/cljs"]...[0m
[32mSuccessfully compiled "resources/public/js/compiled/app.js" in 2.579 seconds.[0m
notifying browser that file changed:  resources\public\js\compiled\out\p_and_c_analytics2017\views.js
[0mCompiling "resources/public/js/compiled/app.js" from ["src/cljs"]...[0m
[32mSuccessfully compiled "resources/public/js/compiled/app.js" in 2.574 seconds.[0m
notifying browser that file changed:  resources\public\js\compiled\out\p_and_c_analytics2017\views.js
[0mCompiling "resources/public/js/compiled/app.js" from ["src/cljs"]...[0m
[32mSuccessfully compiled "resources/public/js/compiled/app.js" in 2.665 seconds.[0m
notifying browser that file changed:  resources\public\js\compiled\out\p_and_c_analytics2017\views.js
[0mCompiling "resources/public/js/compiled/app.js" from ["src/cljs"]...[0m
[32mSuccessfully compiled "resources/public/js/compiled/app.js" in 2.426 seconds.[0m
notifying browser that file changed:  resources\public\js\compiled\out\p_and_c_analytics2017\views.js
[0mCompiling "resources/public/js/compiled/app.js" from ["src/cljs"]...[0m
[32mSuccessfully compiled "resources/public/js/compiled/app.js" in 2.594 seconds.[0m
notifying browser that file changed:  resources\public\js\compiled\out\p_and_c_analytics2017\views.js
[0mCompiling "resources/public/js/compiled/app.js" from ["src/cljs"]...[0m
[32mSuccessfully compiled "resources/public/js/compiled/app.js" in 2.666 seconds.[0m
notifying browser that file changed:  resources\public\js\compiled\out\p_and_c_analytics2017\views.js
[0mCompiling "resources/public/js/compiled/app.js" from ["src/cljs"]...[0m
[32mSuccessfully compiled "resources/public/js/compiled/app.js" in 2.599 seconds.[0m
notifying browser that file changed:  resources\public\js\compiled\out\p_and_c_analytics2017\views.js
[0mCompiling "resources/public/js/compiled/app.js" from ["src/cljs"]...[0m
[32mSuccessfully compiled "resources/public/js/compiled/app.js" in 2.583 seconds.[0m
notifying browser that file changed:  resources\public\js\compiled\out\p_and_c_analytics2017\views.js
[0mCompiling "resources/public/js/compiled/app.js" from ["src/cljs"]...[0m
[32mSuccessfully compiled "resources/public/js/compiled/app.js" in 2.499 seconds.[0m
notifying browser that file changed:  resources\public\js\compiled\out\p_and_c_analytics2017\views.js
[0mCompiling "resources/public/js/compiled/app.js" from ["src/cljs"]...[0m
[32mSuccessfully compiled "resources/public/js/compiled/app.js" in 2.635 seconds.[0m
notifying browser that file changed:  resources\public\js\compiled\out\p_and_c_analytics2017\views.js
[0mCompiling "resources/public/js/compiled/app.js" from ["src/cljs"]...[0m
[32mSuccessfully compiled "resources/public/js/compiled/app.js" in 2.593 seconds.[0m
notifying browser that file changed:  resources\public\js\compiled\out\p_and_c_analytics2017\views.js
[0mCompiling "resources/public/js/compiled/app.js" from ["src/cljs"]...[0m
[32mSuccessfully compiled "resources/public/js/compiled/app.js" in 2.634 seconds.[0m
notifying browser that file changed:  resources\public\js\compiled\out\p_and_c_analytics2017\views.js
[0mCompiling "resources/public/js/compiled/app.js" from ["src/cljs"]...[0m
[32mSuccessfully compiled "resources/public/js/compiled/app.js" in 2.537 seconds.[0m
notifying browser that file changed:  resources\public\js\compiled\out\p_and_c_analytics2017\views.js
[0mCompiling "resources/public/js/compiled/app.js" from ["src/cljs"]...[0m
[32mSuccessfully compiled "resources/public/js/compiled/app.js" in 2.642 seconds.[0m
notifying browser that file changed:  resources\public\js\compiled\out\p_and_c_analytics2017\views.js
[0mCompiling "resources/public/js/compiled/app.js" from ["src/cljs"]...[0m
[32mSuccessfully compiled "resources/public/js/compiled/app.js" in 2.625 seconds.[0m
notifying browser that file changed:  resources\public\js\compiled\out\p_and_c_analytics2017\views.js
[0mCompiling "resources/public/js/compiled/app.js" from ["src/cljs"]...[0m
[32mSuccessfully compiled "resources/public/js/compiled/app.js" in 2.682 seconds.[0m
notifying browser that file changed:  resources\public\js\compiled\out\p_and_c_analytics2017\subs.js
[0mCompiling "resources/public/js/compiled/app.js" from ["src/cljs"]...[0m
[32mSuccessfully compiled "resources/public/js/compiled/app.js" in 2.688 seconds.[0m
notifying browser that file changed:  resources\public\js\compiled\out\p_and_c_analytics2017\views.js
[0mCompiling "resources/public/js/compiled/app.js" from ["src/cljs"]...[0m
[32mSuccessfully compiled "resources/public/js/compiled/app.js" in 2.592 seconds.[0m
notifying browser that file changed:  resources\public\js\compiled\out\p_and_c_analytics2017\views.js
[0mCompiling "resources/public/js/compiled/app.js" from ["src/cljs"]...[0m
[32mSuccessfully compiled "resources/public/js/compiled/app.js" in 2.505 seconds.[0m
notifying browser that file changed:  resources\public\js\compiled\out\p_and_c_analytics2017\views.js
[0mCompiling "resources/public/js/compiled/app.js" from ["src/cljs"]...[0m
[32mSuccessfully compiled "resources/public/js/compiled/app.js" in 2.547 seconds.[0m
notifying browser that file changed:  resources\public\js\compiled\out\p_and_c_analytics2017\views.js
[0mCompiling "resources/public/js/compiled/app.js" from ["src/cljs"]...[0m
[32mSuccessfully compiled "resources/public/js/compiled/app.js" in 2.49 seconds.[0m
notifying browser that file changed:  resources\public\js\compiled\out\p_and_c_analytics2017\views.js
[0mCompiling "resources/public/js/compiled/app.js" from ["src/cljs"]...[0m
[32mSuccessfully compiled "resources/public/js/compiled/app.js" in 2.593 seconds.[0m
notifying browser that file changed:  resources\public\js\compiled\out\p_and_c_analytics2017\views.js
[0mCompiling "resources/public/js/compiled/app.js" from ["src/cljs"]...[0m
[32mSuccessfully compiled "resources/public/js/compiled/app.js" in 2.603 seconds.[0m
notifying browser that file changed:  resources\public\js\compiled\out\p_and_c_analytics2017\views.js
[0mCompiling "resources/public/js/compiled/app.js" from ["src/cljs"]...[0m
[32mSuccessfully compiled "resources/public/js/compiled/app.js" in 2.588 seconds.[0m
notifying browser that file changed:  resources\public\js\compiled\out\p_and_c_analytics2017\views.js
[0mCompiling "resources/public/js/compiled/app.js" from ["src/cljs"]...[0m
[32mSuccessfully compiled "resources/public/js/compiled/app.js" in 2.437 seconds.[0m
notifying browser that file changed:  resources\public\js\compiled\out\p_and_c_analytics2017\views.js
[0mCompiling "resources/public/js/compiled/app.js" from ["src/cljs"]...[0m
[32mSuccessfully compiled "resources/public/js/compiled/app.js" in 2.571 seconds.[0m
notifying browser that file changed:  resources\public\js\compiled\out\p_and_c_analytics2017\views.js
[0mCompiling "resources/public/js/compiled/app.js" from ["src/cljs"]...[0m
[32mSuccessfully compiled "resources/public/js/compiled/app.js" in 2.561 seconds.[0m
notifying browser that file changed:  resources\public\js\compiled\out\p_and_c_analytics2017\views.js
[0mCompiling "resources/public/js/compiled/app.js" from ["src/cljs"]...[0m
[32mSuccessfully compiled "resources/public/js/compiled/app.js" in 2.709 seconds.[0m
notifying browser that file changed:  resources\public\js\compiled\out\p_and_c_analytics2017\views.js
[0mCompiling "resources/public/js/compiled/app.js" from ["src/cljs"]...[0m
[32mSuccessfully compiled "resources/public/js/compiled/app.js" in 2.559 seconds.[0m
notifying browser that file changed:  resources\public\js\compiled\out\p_and_c_analytics2017\views.js
[0mCompiling "resources/public/js/compiled/app.js" from ["src/cljs"]...[0m
[32mSuccessfully compiled "resources/public/js/compiled/app.js" in 2.651 seconds.[0m
notifying browser that file changed:  resources\public\js\compiled\out\p_and_c_analytics2017\views.js
[0mCompiling "resources/public/js/compiled/app.js" from ["src/cljs"]...[0m
[32mSuccessfully compiled "resources/public/js/compiled/app.js" in 2.467 seconds.[0m
notifying browser that file changed:  resources\public\js\compiled\out\p_and_c_analytics2017\views.js
[0mCompiling "resources/public/js/compiled/app.js" from ["src/cljs"]...[0m
[32mSuccessfully compiled "resources/public/js/compiled/app.js" in 2.643 seconds.[0m
notifying browser that file changed:  resources\public\js\compiled\out\p_and_c_analytics2017\views.js
[0mCompiling "resources/public/js/compiled/app.js" from ["src/cljs"]...[0m
[32mSuccessfully compiled "resources/public/js/compiled/app.js" in 2.597 seconds.[0m
notifying browser that file changed:  resources\public\js\compiled\out\p_and_c_analytics2017\views.js
[0mCompiling "resources/public/js/compiled/app.js" from ["src/cljs"]...[0m
[32mSuccessfully compiled "resources/public/js/compiled/app.js" in 2.565 seconds.[0m
notifying browser that file changed:  resources\public\js\compiled\out\p_and_c_analytics2017\views.js
[0mCompiling "resources/public/js/compiled/app.js" from ["src/cljs"]...[0m
[32mSuccessfully compiled "resources/public/js/compiled/app.js" in 2.614 seconds.[0m
notifying browser that file changed:  resources\public\js\compiled\out\p_and_c_analytics2017\views.js
[0mCompiling "resources/public/js/compiled/app.js" from ["src/cljs"]...[0m
[36m----  Compiler Warning on   src/cljs/p_and_c_analytics2017/views.cljs   line:45  column:29  ----[0m

  [1mWrong number of args (3) passed to cljs.core/cons[0m

  [36m41[0m  [36m(map (fn [[name grouped-units]][0m
  [36m42[0m  [36m      ^{:key name}[0m
  [36m43[0m  [36m      (let [sbi (r/atom :name)][0m
  [36m44[0m  [36m       [rc/v-box[0m
  [33m45[0m  [1m        :children (cons [rc/h-box[0m
  [0m  [0m  [33m                  ^--- Wrong number of args (3) passed to cljs.core/cons[0m
  [36m46[0m  [36m                         :children [[rc/title[0m
  [36m47[0m  [36m                                     :label (or (@dimensions name) name)[0m
  [36m48[0m  [36m                                     :level :level1][0m
  [36m49[0m  [36m                                    [rc/single-dropdown[0m
  [36m50[0m  [36m                                     :choices [{:id :name :label "Name"}[0m

[36m----  Compiler Warning : Please see src/cljs/p_and_c_analytics2017/views.cljs  ----[0m
[32mSuccessfully compiled "resources/public/js/compiled/app.js" in 2.706 seconds.[0m
notifying browser that file changed:  resources\public\js\compiled\out\p_and_c_analytics2017\views.js
[0mCompiling "resources/public/js/compiled/app.js" from ["src/cljs"]...[0m
[32mSuccessfully compiled "resources/public/js/compiled/app.js" in 2.659 seconds.[0m
notifying browser that file changed:  resources\public\js\compiled\out\p_and_c_analytics2017\views.js
[0mCompiling "resources/public/js/compiled/app.js" from ["src/cljs"]...[0m
[32mSuccessfully compiled "resources/public/js/compiled/app.js" in 2.525 seconds.[0m
notifying browser that file changed:  resources\public\js\compiled\out\p_and_c_analytics2017\views.js
[0mCompiling "resources/public/js/compiled/app.js" from ["src/cljs"]...[0m
[32mSuccessfully compiled "resources/public/js/compiled/app.js" in 2.585 seconds.[0m
notifying browser that file changed:  resources\public\js\compiled\out\p_and_c_analytics2017\views.js
[0mCompiling "resources/public/js/compiled/app.js" from ["src/cljs"]...[0m
[32mSuccessfully compiled "resources/public/js/compiled/app.js" in 2.612 seconds.[0m
notifying browser that file changed:  resources\public\js\compiled\out\p_and_c_analytics2017\views.js
[0mCompiling "resources/public/js/compiled/app.js" from ["src/cljs"]...[0m
[32mSuccessfully compiled "resources/public/js/compiled/app.js" in 2.637 seconds.[0m
notifying browser that file changed:  resources\public\js\compiled\out\p_and_c_analytics2017\views.js
[0mCompiling "resources/public/js/compiled/app.js" from ["src/cljs"]...[0m
[32mSuccessfully compiled "resources/public/js/compiled/app.js" in 2.611 seconds.[0m
notifying browser that file changed:  resources\public\js\compiled\out\p_and_c_analytics2017\views.js
[0mCompiling "resources/public/js/compiled/app.js" from ["src/cljs"]...[0m
[32mSuccessfully compiled "resources/public/js/compiled/app.js" in 6.029 seconds.[0m
notifying browser that file changed:  resources\public\js\compiled\out\p_and_c_analytics2017\views.js
[0mCompiling "resources/public/js/compiled/app.js" from ["src/cljs"]...[0m
[32mSuccessfully compiled "resources/public/js/compiled/app.js" in 9.67 seconds.[0m
notifying browser that file changed:  resources\public\js\compiled\out\p_and_c_analytics2017\views.js
[0mCompiling "resources/public/js/compiled/app.js" from ["src/cljs"]...[0m
[36m----  Compiler Warning on   src/cljs/p_and_c_analytics2017/views.cljs   line:14  column:47  ----[0m

  [1mUse of undeclared Var p-and-c-analytics2017.views/dimensions[0m

  [36m10[0m  [36m(fn [grouping][0m
  [36m11[0m  [36m [rc/v-box[0m
  [36m12[0m  [36m  :children (cons [rc/h-box[0m
  [36m13[0m  [36m                   :children [[rc/title[0m
  [33m14[0m  [1m                               :label (or (@dimensions name) name)[0m
  [0m  [0m  [33m                                            ^--- Use of undeclared Var p-and-c-analytics2017.views/dimensions[0m
  [36m15[0m  [36m                               :level :level1][0m
  [36m16[0m  [36m                              [rc/single-dropdown[0m
  [36m17[0m  [36m                               :choices [{:id :name :label "Name"}[0m
  [36m18[0m  [36m                                         {:id :dimension :label "Dimension"}[0m
  [36m19[0m  [36m                                         {:id :ratio :label "Ratio"}][0m

[36m----  Compiler Warning : Please see src/cljs/p_and_c_analytics2017/views.cljs  ----[0m
[36m----  Compiler Warning on   src/cljs/p_and_c_analytics2017/views.cljs   line:31  column:26  ----[0m

  [1mUse of undeclared Var p-and-c-analytics2017.views/grouped-units[0m

  [36m27[0m  [36m                                                        (if (= > fn)[0m
  [36m28[0m  [36m                                                         {:fn < :str "<"}[0m
  [36m29[0m  [36m                                                         {:fn > :str ">"}))))]]][0m
  [36m30[0m  [36m[0m
  [33m31[0m  [1m                    (->> grouped-units[0m
  [0m  [0m  [33m                         ^--- Use of undeclared Var p-and-c-analytics2017.views/grouped-units[0m
  [36m32[0m  [36m                         (sort-by (fn [[name {:keys [u v]} :as unit]][0m
  [36m33[0m  [36m                                   (case @sbi[0m
  [36m34[0m  [36m                                    :name name[0m
  [36m35[0m  [36m                                    :dimension u[0m
  [36m36[0m  [36m                                    :ratio v))[0m

[36m----  Compiler Warning : Please see src/cljs/p_and_c_analytics2017/views.cljs  ----[0m
[32mSuccessfully compiled "resources/public/js/compiled/app.js" in 2.965 seconds.[0m
notifying browser that file changed:  resources\public\js\compiled\out\p_and_c_analytics2017\views.js
[0mCompiling "resources/public/js/compiled/app.js" from ["src/cljs"]...[0m
[32mSuccessfully compiled "resources/public/js/compiled/app.js" in 2.68 seconds.[0m
notifying browser that file changed:  resources\public\js\compiled\out\p_and_c_analytics2017\views.js
[0mCompiling "resources/public/js/compiled/app.js" from ["src/cljs"]...[0m
[32mSuccessfully compiled "resources/public/js/compiled/app.js" in 2.753 seconds.[0m
notifying browser that file changed:  resources\public\js\compiled\out\p_and_c_analytics2017\views.js
[0mCompiling "resources/public/js/compiled/app.js" from ["src/cljs"]...[0m
[32mSuccessfully compiled "resources/public/js/compiled/app.js" in 2.594 seconds.[0m
notifying browser that file changed:  resources\public\js\compiled\out\p_and_c_analytics2017\views.js
